<?xml version="1.0" encoding="UTF-8"?>
<!-- Generated by org.testng.reporters.JUnitXMLReporter -->
<testsuite ignored="4" hostname="DESKTOP-J0IEVFN" failures="0" tests="1" name="Default test" time="18.433" errors="0" timestamp="2022-07-15T12:23:59 IST">
  <testcase classname="Selenium.Selenium.Web_Element" name="User_Clear_And_Sendkeys_Method" time="15.997"/>
  <testcase classname="Selenium.Selenium.Web_Element" name="Using_Location_Method" time="0.0">
    <ignored/>
  </testcase> <!-- Using_Location_Method -->
  <testcase classname="Selenium.Selenium.Web_Element" name="Using_GetSize_Method" time="0.0">
    <ignored/>
  </testcase> <!-- Using_GetSize_Method -->
  <testcase classname="Selenium.Selenium.Web_Element" name="Using_isSelector" time="0.0">
    <ignored/>
  </testcase> <!-- Using_isSelector -->
  <testcase classname="Selenium.Selenium.Web_Element" name="User_isEnabled_And_isDisplayed_GetText_Submit_Method" time="0.0">
    <ignored/>
  </testcase> <!-- User_isEnabled_And_isDisplayed_GetText_Submit_Method -->
</testsuite> <!-- Default test -->
