<?xml version="1.0" encoding="UTF-8"?>
<testng-results ignored="4" total="5" passed="1" failed="0" skipped="0">
  <reporter-output>
  </reporter-output>
  <suite started-at="2022-07-15T12:23:41 IST" name="Default suite" finished-at="2022-07-15T12:23:59 IST" duration-ms="18433">
    <groups>
    </groups>
    <test started-at="2022-07-15T12:23:41 IST" name="Default test" finished-at="2022-07-15T12:23:59 IST" duration-ms="18433">
      <class name="Selenium.Selenium.Web_Element">
        <test-method is-config="true" signature="Driver()[pri:0, instance:Selenium.Selenium.Web_Element@20f5239f]" started-at="2022-07-15T12:23:41 IST" name="Driver" finished-at="2022-07-15T12:23:43 IST" duration-ms="2359" status="PASS">
          <reporter-output>
          </reporter-output>
        </test-method> <!-- Driver -->
        <test-method signature="User_Clear_And_Sendkeys_Method()[pri:0, instance:Selenium.Selenium.Web_Element@20f5239f]" started-at="2022-07-15T12:23:43 IST" name="User_Clear_And_Sendkeys_Method" finished-at="2022-07-15T12:23:59 IST" duration-ms="15997" status="PASS">
          <reporter-output>
          </reporter-output>
        </test-method> <!-- User_Clear_And_Sendkeys_Method -->
      </class> <!-- Selenium.Selenium.Web_Element -->
    </test> <!-- Default test -->
  </suite> <!-- Default suite -->
</testng-results>
